/scratch/lustre/home/hpc_migab/lukas/Achromo/.snakemake/conda/9fcb6177e60f94549468845efae1642e_/bin/quast -o results/quast resources/inputs-filtered/P0290_PCD_28022016-0.fa resources/inputs-filtered/P0290_PCD_28022016-1.fa resources/inputs-filtered/P0690_PCD_10122023-0.fa resources/inputs-filtered/P0690_PCD_14042023-0.fa resources/inputs-filtered/P0690_PCD_18022022-0.fa resources/inputs-filtered/P0690_PCD_19072024-0.fa resources/inputs-filtered/P0690_PCD_29012021-0.fa resources/inputs-filtered/P0790_PCD_07012022-0.fa resources/inputs-filtered/P0790_PCD_19052020-0.fa resources/inputs-filtered/P0790_PCD_20062024-0.fa resources/inputs-filtered/P0790_PCD_27062022-0.fa resources/inputs-filtered/P0790_PCD_27062022-1.fa resources/inputs-filtered/P0790_PCD_28102024-0.fa resources/inputs-filtered/P0890_PCD_08062021-0.fa resources/inputs-filtered/P0890_PCD_18032022-0.fa resources/inputs-filtered/P0890_PCD_27092023-0.fa resources/inputs-filtered/P0890_PCD_31102022-0.fa resources/inputs-filtered/P0890_PCD_31102022-1.fa resources/inputs-filtered/P1090_PCD_23092021-0.fa resources/inputs-filtered/P1490_PCD_09122016-0.fa resources/inputs-filtered/P1490_PCD_27082020-0.fa resources/inputs-filtered/P1590_PCD_10012022-0.fa resources/inputs-filtered/P1890_PCD_04102022-0.fa resources/inputs-filtered/P1890_PCD_22022022-0.fa resources/inputs-filtered/P1990_PCD_15032024-0.fa resources/inputs-filtered/P1990_PCD_24032022-0.fa resources/inputs-filtered/P1990_PCD_28042023-0.fa resources/inputs-filtered/P2090_PCD_03082020-0.fa resources/inputs-filtered/P2090_PCD_15032023-0.fa resources/inputs-filtered/P2090_PCD_17012024-0.fa resources/inputs-filtered/P2090_PCD_18012021-0.fa resources/inputs-filtered/P2090_PCD_22032022-0.fa resources/inputs-filtered/P2590_PCD_02022023-0.fa resources/inputs-filtered/P2590_PCD_03072024-0.fa resources/inputs-filtered/P2590_PCD_12072023-0.fa resources/inputs-filtered/P2590_PCD_29102019-0.fa resources/inputs-filtered/P2690_PCD_05112019-0.fa resources/inputs-filtered/P2790_PCD_09062020-0.fa resources/inputs-filtered/P2890_PCD_12062020-0.fa resources/inputs-filtered/P2990_PCD_14072020-0.fa resources/inputs-filtered/P2990_PCD_20012023-0.fa resources/inputs-filtered/P3090_PCD_20072020-0.fa resources/inputs-filtered/P3390_PCD_08032024-0.fa resources/inputs-filtered/P3390_PCD_19082024-0.fa resources/inputs-filtered/P3390_PCD_30092020-0.fa resources/inputs-filtered/P3490_PCD_21022022-0.fa resources/inputs-filtered/P3590_PCD_20052022-0.fa resources/inputs-filtered/P3890_PCD_24082022-0.fa resources/inputs-filtered/P4290_PCD_08032024-0.fa resources/inputs-filtered/P4290_PCD_28112022-0.fa resources/inputs-filtered/P5590_PCD_20032024-0.fa resources/inputs-filtered/P5590_PCD_26072024-0.fa resources/inputs-filtered/P5690_PCD_11062024-0.fa resources/inputs-filtered/P5890_PCD_24062024-0.fa

Version: 5.3.0

System information:
  OS: Linux-5.15.197-ql-generic-13.0-24-x86_64-with-glibc2.35 (linux_64)
  Python version: 3.13.12
  CPUs number: 48

Started: 2026-02-14 23:22:34

Logging to /scratch/lustre/home/hpc_migab/lukas/Achromo/results/quast/quast.log
NOTICE: Maximum number of threads is set to 12 (use --threads option to set it manually)

CWD: /scratch/lustre/home/hpc_migab/lukas/Achromo
Main parameters: 
  MODE: default, threads: 12, min contig length: 500, min alignment length: 65, min alignment IDY: 95.0, \
  ambiguity: one, min local misassembly length: 200, min extensive misassembly length: 1000

Contigs:
  Pre-processing...
  1  resources/inputs-filtered/P0290_PCD_28022016-0.fa ==> P0290_PCD_28022016-0
  2  resources/inputs-filtered/P0290_PCD_28022016-1.fa ==> P0290_PCD_28022016-1
  3  resources/inputs-filtered/P0690_PCD_10122023-0.fa ==> P0690_PCD_10122023-0
  4  resources/inputs-filtered/P0690_PCD_14042023-0.fa ==> P0690_PCD_14042023-0
  5  resources/inputs-filtered/P0690_PCD_18022022-0.fa ==> P0690_PCD_18022022-0
  6  resources/inputs-filtered/P0690_PCD_19072024-0.fa ==> P0690_PCD_19072024-0
  7  resources/inputs-filtered/P0690_PCD_29012021-0.fa ==> P0690_PCD_29012021-0
  8  resources/inputs-filtered/P0790_PCD_07012022-0.fa ==> P0790_PCD_07012022-0
  9  resources/inputs-filtered/P0790_PCD_19052020-0.fa ==> P0790_PCD_19052020-0
  10 resources/inputs-filtered/P0790_PCD_20062024-0.fa ==> P0790_PCD_20062024-0
  11 resources/inputs-filtered/P0790_PCD_27062022-0.fa ==> P0790_PCD_27062022-0
  12 resources/inputs-filtered/P0790_PCD_27062022-1.fa ==> P0790_PCD_27062022-1
  13 resources/inputs-filtered/P0790_PCD_28102024-0.fa ==> P0790_PCD_28102024-0
  14 resources/inputs-filtered/P0890_PCD_08062021-0.fa ==> P0890_PCD_08062021-0
  15 resources/inputs-filtered/P0890_PCD_18032022-0.fa ==> P0890_PCD_18032022-0
  16 resources/inputs-filtered/P0890_PCD_27092023-0.fa ==> P0890_PCD_27092023-0
  17 resources/inputs-filtered/P0890_PCD_31102022-0.fa ==> P0890_PCD_31102022-0
  18 resources/inputs-filtered/P0890_PCD_31102022-1.fa ==> P0890_PCD_31102022-1
  19 resources/inputs-filtered/P1090_PCD_23092021-0.fa ==> P1090_PCD_23092021-0
  20 resources/inputs-filtered/P1490_PCD_09122016-0.fa ==> P1490_PCD_09122016-0
  21 resources/inputs-filtered/P1490_PCD_27082020-0.fa ==> P1490_PCD_27082020-0
  22 resources/inputs-filtered/P1590_PCD_10012022-0.fa ==> P1590_PCD_10012022-0
  23 resources/inputs-filtered/P1890_PCD_04102022-0.fa ==> P1890_PCD_04102022-0
  24 resources/inputs-filtered/P1890_PCD_22022022-0.fa ==> P1890_PCD_22022022-0
  25 resources/inputs-filtered/P1990_PCD_15032024-0.fa ==> P1990_PCD_15032024-0
  26 resources/inputs-filtered/P1990_PCD_24032022-0.fa ==> P1990_PCD_24032022-0
  27 resources/inputs-filtered/P1990_PCD_28042023-0.fa ==> P1990_PCD_28042023-0
  28 resources/inputs-filtered/P2090_PCD_03082020-0.fa ==> P2090_PCD_03082020-0
  29 resources/inputs-filtered/P2090_PCD_15032023-0.fa ==> P2090_PCD_15032023-0
  30 resources/inputs-filtered/P2090_PCD_17012024-0.fa ==> P2090_PCD_17012024-0
  31 resources/inputs-filtered/P2090_PCD_18012021-0.fa ==> P2090_PCD_18012021-0
  32 resources/inputs-filtered/P2090_PCD_22032022-0.fa ==> P2090_PCD_22032022-0
  33 resources/inputs-filtered/P2590_PCD_02022023-0.fa ==> P2590_PCD_02022023-0
  34 resources/inputs-filtered/P2590_PCD_03072024-0.fa ==> P2590_PCD_03072024-0
  35 resources/inputs-filtered/P2590_PCD_12072023-0.fa ==> P2590_PCD_12072023-0
  36 resources/inputs-filtered/P2590_PCD_29102019-0.fa ==> P2590_PCD_29102019-0
  37 resources/inputs-filtered/P2690_PCD_05112019-0.fa ==> P2690_PCD_05112019-0
  38 resources/inputs-filtered/P2790_PCD_09062020-0.fa ==> P2790_PCD_09062020-0
  39 resources/inputs-filtered/P2890_PCD_12062020-0.fa ==> P2890_PCD_12062020-0
  40 resources/inputs-filtered/P2990_PCD_14072020-0.fa ==> P2990_PCD_14072020-0
  41 resources/inputs-filtered/P2990_PCD_20012023-0.fa ==> P2990_PCD_20012023-0
  42 resources/inputs-filtered/P3090_PCD_20072020-0.fa ==> P3090_PCD_20072020-0
  43 resources/inputs-filtered/P3390_PCD_08032024-0.fa ==> P3390_PCD_08032024-0
  44 resources/inputs-filtered/P3390_PCD_19082024-0.fa ==> P3390_PCD_19082024-0
  45 resources/inputs-filtered/P3390_PCD_30092020-0.fa ==> P3390_PCD_30092020-0
  46 resources/inputs-filtered/P3490_PCD_21022022-0.fa ==> P3490_PCD_21022022-0
  47 resources/inputs-filtered/P3590_PCD_20052022-0.fa ==> P3590_PCD_20052022-0
  48 resources/inputs-filtered/P3890_PCD_24082022-0.fa ==> P3890_PCD_24082022-0
  49 resources/inputs-filtered/P4290_PCD_08032024-0.fa ==> P4290_PCD_08032024-0
  50 resources/inputs-filtered/P4290_PCD_28112022-0.fa ==> P4290_PCD_28112022-0
  51 resources/inputs-filtered/P5590_PCD_20032024-0.fa ==> P5590_PCD_20032024-0
  52 resources/inputs-filtered/P5590_PCD_26072024-0.fa ==> P5590_PCD_26072024-0
  53 resources/inputs-filtered/P5690_PCD_11062024-0.fa ==> P5690_PCD_11062024-0
  54 resources/inputs-filtered/P5890_PCD_24062024-0.fa ==> P5890_PCD_24062024-0

2026-02-14 23:22:37
Running Basic statistics processor...
  Contig files: 
    1  P0290_PCD_28022016-0
    2  P0290_PCD_28022016-1
    3  P0690_PCD_10122023-0
    4  P0690_PCD_14042023-0
    5  P0690_PCD_18022022-0
    6  P0690_PCD_19072024-0
    7  P0690_PCD_29012021-0
    8  P0790_PCD_07012022-0
    9  P0790_PCD_19052020-0
    10 P0790_PCD_20062024-0
    11 P0790_PCD_27062022-0
    12 P0790_PCD_27062022-1
    13 P0790_PCD_28102024-0
    14 P0890_PCD_08062021-0
    15 P0890_PCD_18032022-0
    16 P0890_PCD_27092023-0
    17 P0890_PCD_31102022-0
    18 P0890_PCD_31102022-1
    19 P1090_PCD_23092021-0
    20 P1490_PCD_09122016-0
    21 P1490_PCD_27082020-0
    22 P1590_PCD_10012022-0
    23 P1890_PCD_04102022-0
    24 P1890_PCD_22022022-0
    25 P1990_PCD_15032024-0
    26 P1990_PCD_24032022-0
    27 P1990_PCD_28042023-0
    28 P2090_PCD_03082020-0
    29 P2090_PCD_15032023-0
    30 P2090_PCD_17012024-0
    31 P2090_PCD_18012021-0
    32 P2090_PCD_22032022-0
    33 P2590_PCD_02022023-0
    34 P2590_PCD_03072024-0
    35 P2590_PCD_12072023-0
    36 P2590_PCD_29102019-0
    37 P2690_PCD_05112019-0
    38 P2790_PCD_09062020-0
    39 P2890_PCD_12062020-0
    40 P2990_PCD_14072020-0
    41 P2990_PCD_20012023-0
    42 P3090_PCD_20072020-0
    43 P3390_PCD_08032024-0
    44 P3390_PCD_19082024-0
    45 P3390_PCD_30092020-0
    46 P3490_PCD_21022022-0
    47 P3590_PCD_20052022-0
    48 P3890_PCD_24082022-0
    49 P4290_PCD_08032024-0
    50 P4290_PCD_28112022-0
    51 P5590_PCD_20032024-0
    52 P5590_PCD_26072024-0
    53 P5690_PCD_11062024-0
    54 P5890_PCD_24062024-0
  Calculating N50 and L50...
    1  P0290_PCD_28022016-0, N50 = 122095, L50 = 18, auN = 136104.0, Total length = 6599483, GC % = 65.32, # N's per 100 kbp =  0.00
    2  P0290_PCD_28022016-1, N50 = 91119, L50 = 24, auN = 102855.9, Total length = 6684210, GC % = 65.30, # N's per 100 kbp =  0.00
    3  P0690_PCD_10122023-0, N50 = 523511, L50 = 5, auN = 503902.6, Total length = 6214874, GC % = 67.76, # N's per 100 kbp =  0.00
    4  P0690_PCD_14042023-0, N50 = 104756, L50 = 19, auN = 129568.6, Total length = 6244594, GC % = 67.78, # N's per 100 kbp =  0.00
    5  P0690_PCD_18022022-0, N50 = 55797, L50 = 34, auN = 67131.0, Total length = 6233527, GC % = 67.77, # N's per 100 kbp =  0.00
    6  P0690_PCD_19072024-0, N50 = 454765, L50 = 5, auN = 558100.4, Total length = 6271301, GC % = 67.78, # N's per 100 kbp =  0.00
    7  P0690_PCD_29012021-0, N50 = 31263, L50 = 63, auN = 38462.7, Total length = 6180610, GC % = 67.79, # N's per 100 kbp =  0.00
    8  P0790_PCD_07012022-0, N50 = 50803, L50 = 38, auN = 66707.7, Total length = 6492372, GC % = 67.65, # N's per 100 kbp =  0.00
    9  P0790_PCD_19052020-0, N50 = 168607, L50 = 12, auN = 216186.0, Total length = 6454136, GC % = 67.68, # N's per 100 kbp =  0.00
    10 P0790_PCD_20062024-0, N50 = 554424, L50 = 4, auN = 635127.4, Total length = 6567418, GC % = 67.68, # N's per 100 kbp =  0.00
    11 P0790_PCD_27062022-0, N50 = 54709, L50 = 35, auN = 72452.8, Total length = 6524504, GC % = 67.68, # N's per 100 kbp =  0.00
    12 P0790_PCD_27062022-1, N50 = 36657, L50 = 54, auN = 45648.4, Total length = 6510106, GC % = 67.66, # N's per 100 kbp =  0.00
    13 P0790_PCD_28102024-0, N50 = 910153, L50 = 3, auN = 924683.8, Total length = 6577055, GC % = 67.68, # N's per 100 kbp =  0.00
    14 P0890_PCD_08062021-0, N50 = 77443, L50 = 28, auN = 88339.9, Total length = 6415391, GC % = 67.76, # N's per 100 kbp =  0.00
    15 P0890_PCD_18032022-0, N50 = 43961, L50 = 43, auN = 55947.3, Total length = 6384803, GC % = 67.75, # N's per 100 kbp =  0.00
    16 P0890_PCD_27092023-0, N50 = 503185, L50 = 4, auN = 693130.8, Total length = 6314193, GC % = 67.78, # N's per 100 kbp =  0.00
    17 P0890_PCD_31102022-0, N50 = 152374, L50 = 14, auN = 186799.1, Total length = 6411147, GC % = 67.77, # N's per 100 kbp =  0.00
    18 P0890_PCD_31102022-1, N50 = 415370, L50 = 5, auN = 578883.2, Total length = 6427550, GC % = 67.76, # N's per 100 kbp =  0.00
    19 P1090_PCD_23092021-0, N50 = 81510, L50 = 23, auN = 108301.7, Total length = 6576331, GC % = 67.59, # N's per 100 kbp =  0.00
    20 P1490_PCD_09122016-0, N50 = 71092, L50 = 29, auN = 94178.7, Total length = 6709749, GC % = 68.32, # N's per 100 kbp =  0.00
    21 P1490_PCD_27082020-0, N50 = 60040, L50 = 33, auN = 75759.2, Total length = 6520875, GC % = 64.99, # N's per 100 kbp =  0.00
    22 P1590_PCD_10012022-0, N50 = 73075, L50 = 29, auN = 90748.5, Total length = 6518629, GC % = 67.57, # N's per 100 kbp =  0.00
    23 P1890_PCD_04102022-0, N50 = 141495, L50 = 16, auN = 180390.2, Total length = 7069049, GC % = 65.08, # N's per 100 kbp =  0.00
    24 P1890_PCD_22022022-0, N50 = 121191, L50 = 19, auN = 138984.8, Total length = 7062824, GC % = 65.08, # N's per 100 kbp =  0.00
    25 P1990_PCD_15032024-0, N50 = 279995, L50 = 7, auN = 442528.6, Total length = 6765759, GC % = 67.48, # N's per 100 kbp =  0.00
    26 P1990_PCD_24032022-0, N50 = 59187, L50 = 37, auN = 70155.9, Total length = 6756230, GC % = 67.41, # N's per 100 kbp =  0.00
    27 P1990_PCD_28042023-0, N50 = 105215, L50 = 19, auN = 140733.9, Total length = 6819885, GC % = 67.36, # N's per 100 kbp =  0.00
    28 P2090_PCD_03082020-0, N50 = 123685, L50 = 14, auN = 176032.7, Total length = 6503290, GC % = 67.50, # N's per 100 kbp =  0.00
    29 P2090_PCD_15032023-0, N50 = 321751, L50 = 7, auN = 363199.9, Total length = 6106425, GC % = 67.52, # N's per 100 kbp =  0.00
    30 P2090_PCD_17012024-0, N50 = 132579, L50 = 17, auN = 138690.9, Total length = 6651365, GC % = 67.48, # N's per 100 kbp =  0.00
    31 P2090_PCD_18012021-0, N50 = 30621, L50 = 67, auN = 37792.8, Total length = 6656250, GC % = 67.49, # N's per 100 kbp =  0.00
    32 P2090_PCD_22032022-0, N50 = 51621, L50 = 36, auN = 73102.2, Total length = 6684124, GC % = 67.47, # N's per 100 kbp =  0.00
    33 P2590_PCD_02022023-0, N50 = 112161, L50 = 19, auN = 125897.1, Total length = 6293632, GC % = 67.89, # N's per 100 kbp =  0.00
    34 P2590_PCD_03072024-0, N50 = 519688, L50 = 3, auN = 859948.0, Total length = 6401336, GC % = 67.85, # N's per 100 kbp =  0.00
    35 P2590_PCD_12072023-0, N50 = 451926, L50 = 5, auN = 635707.7, Total length = 6397542, GC % = 67.85, # N's per 100 kbp =  0.00
    36 P2590_PCD_29102019-0, N50 = 84897, L50 = 26, auN = 102478.0, Total length = 6698403, GC % = 67.52, # N's per 100 kbp =  0.00
    37 P2690_PCD_05112019-0, N50 = 99638, L50 = 21, auN = 115669.7, Total length = 6504216, GC % = 67.81, # N's per 100 kbp =  0.00
    38 P2790_PCD_09062020-0, N50 = 92542, L50 = 22, auN = 111603.0, Total length = 6402149, GC % = 67.77, # N's per 100 kbp =  0.00
    39 P2890_PCD_12062020-0, N50 = 102909, L50 = 22, auN = 115233.4, Total length = 6937516, GC % = 67.27, # N's per 100 kbp =  0.00
    40 P2990_PCD_14072020-0, N50 = 130615, L50 = 15, auN = 157088.3, Total length = 6244467, GC % = 67.84, # N's per 100 kbp =  0.00
    41 P2990_PCD_20012023-0, N50 = 394034, L50 = 7, auN = 332795.0, Total length = 6299248, GC % = 67.88, # N's per 100 kbp =  0.00
    42 P3090_PCD_20072020-0, N50 = 126244, L50 = 16, auN = 140549.5, Total length = 6243104, GC % = 67.77, # N's per 100 kbp =  0.00
    43 P3390_PCD_08032024-0, N50 = 60929, L50 = 31, auN = 88571.3, Total length = 6588581, GC % = 68.31, # N's per 100 kbp =  0.00
    44 P3390_PCD_19082024-0, N50 = 199616, L50 = 11, auN = 227731.6, Total length = 6059501, GC % = 67.50, # N's per 100 kbp =  0.00
    45 P3390_PCD_30092020-0, N50 = 37647, L50 = 48, auN = 49402.2, Total length = 6086246, GC % = 67.46, # N's per 100 kbp =  0.00
    46 P3490_PCD_21022022-0, N50 = 864302, L50 = 3, auN = 1118222.7, Total length = 7177799, GC % = 65.08, # N's per 100 kbp =  0.00
    47 P3590_PCD_20052022-0, N50 = 90326, L50 = 23, auN = 106841.6, Total length = 6315247, GC % = 64.34, # N's per 100 kbp =  0.00
    48 P3890_PCD_24082022-0, N50 = 468286, L50 = 5, auN = 494530.3, Total length = 6343585, GC % = 65.16, # N's per 100 kbp =  0.00
    49 P4290_PCD_08032024-0, N50 = 45904, L50 = 39, auN = 66844.2, Total length = 6583512, GC % = 67.67, # N's per 100 kbp =  0.00
    50 P4290_PCD_28112022-0, N50 = 735078, L50 = 4, auN = 682979.8, Total length = 6909322, GC % = 67.38, # N's per 100 kbp =  0.00
    51 P5590_PCD_20032024-0, N50 = 1207636, L50 = 2, auN = 1092401.1, Total length = 6487345, GC % = 66.20, # N's per 100 kbp =  0.00
    52 P5590_PCD_26072024-0, N50 = 508717, L50 = 5, auN = 485564.7, Total length = 6437105, GC % = 66.20, # N's per 100 kbp =  0.00
    53 P5690_PCD_11062024-0, N50 = 863021, L50 = 3, auN = 709910.2, Total length = 6590808, GC % = 65.14, # N's per 100 kbp =  0.00
    54 P5890_PCD_24062024-0, N50 = 475497, L50 = 4, auN = 849770.3, Total length = 6744985, GC % = 67.46, # N's per 100 kbp =  0.00
  Drawing Nx plot...
    saved to /scratch/lustre/home/hpc_migab/lukas/Achromo/results/quast/basic_stats/Nx_plot.pdf
  Drawing cumulative plot...
    saved to /scratch/lustre/home/hpc_migab/lukas/Achromo/results/quast/basic_stats/cumulative_plot.pdf
  Drawing GC content plot...
    saved to /scratch/lustre/home/hpc_migab/lukas/Achromo/results/quast/basic_stats/GC_content_plot.pdf
  Drawing P0290_PCD_28022016-0 GC content plot...
    saved to /scratch/lustre/home/hpc_migab/lukas/Achromo/results/quast/basic_stats/P0290_PCD_28022016-0_GC_content_plot.pdf
  Drawing P0290_PCD_28022016-1 GC content plot...
    saved to /scratch/lustre/home/hpc_migab/lukas/Achromo/results/quast/basic_stats/P0290_PCD_28022016-1_GC_content_plot.pdf
  Drawing P0690_PCD_10122023-0 GC content plot...
    saved to /scratch/lustre/home/hpc_migab/lukas/Achromo/results/quast/basic_stats/P0690_PCD_10122023-0_GC_content_plot.pdf
  Drawing P0690_PCD_14042023-0 GC content plot...
    saved to /scratch/lustre/home/hpc_migab/lukas/Achromo/results/quast/basic_stats/P0690_PCD_14042023-0_GC_content_plot.pdf
  Drawing P0690_PCD_18022022-0 GC content plot...
    saved to /scratch/lustre/home/hpc_migab/lukas/Achromo/results/quast/basic_stats/P0690_PCD_18022022-0_GC_content_plot.pdf
  Drawing P0690_PCD_19072024-0 GC content plot...
    saved to /scratch/lustre/home/hpc_migab/lukas/Achromo/results/quast/basic_stats/P0690_PCD_19072024-0_GC_content_plot.pdf
  Drawing P0690_PCD_29012021-0 GC content plot...
    saved to /scratch/lustre/home/hpc_migab/lukas/Achromo/results/quast/basic_stats/P0690_PCD_29012021-0_GC_content_plot.pdf
  Drawing P0790_PCD_07012022-0 GC content plot...
    saved to /scratch/lustre/home/hpc_migab/lukas/Achromo/results/quast/basic_stats/P0790_PCD_07012022-0_GC_content_plot.pdf
  Drawing P0790_PCD_19052020-0 GC content plot...
    saved to /scratch/lustre/home/hpc_migab/lukas/Achromo/results/quast/basic_stats/P0790_PCD_19052020-0_GC_content_plot.pdf
  Drawing P0790_PCD_20062024-0 GC content plot...
    saved to /scratch/lustre/home/hpc_migab/lukas/Achromo/results/quast/basic_stats/P0790_PCD_20062024-0_GC_content_plot.pdf
  Drawing P0790_PCD_27062022-0 GC content plot...
    saved to /scratch/lustre/home/hpc_migab/lukas/Achromo/results/quast/basic_stats/P0790_PCD_27062022-0_GC_content_plot.pdf
  Drawing P0790_PCD_27062022-1 GC content plot...
    saved to /scratch/lustre/home/hpc_migab/lukas/Achromo/results/quast/basic_stats/P0790_PCD_27062022-1_GC_content_plot.pdf
  Drawing P0790_PCD_28102024-0 GC content plot...
    saved to /scratch/lustre/home/hpc_migab/lukas/Achromo/results/quast/basic_stats/P0790_PCD_28102024-0_GC_content_plot.pdf
  Drawing P0890_PCD_08062021-0 GC content plot...
    saved to /scratch/lustre/home/hpc_migab/lukas/Achromo/results/quast/basic_stats/P0890_PCD_08062021-0_GC_content_plot.pdf
  Drawing P0890_PCD_18032022-0 GC content plot...
    saved to /scratch/lustre/home/hpc_migab/lukas/Achromo/results/quast/basic_stats/P0890_PCD_18032022-0_GC_content_plot.pdf
  Drawing P0890_PCD_27092023-0 GC content plot...
    saved to /scratch/lustre/home/hpc_migab/lukas/Achromo/results/quast/basic_stats/P0890_PCD_27092023-0_GC_content_plot.pdf
  Drawing P0890_PCD_31102022-0 GC content plot...
    saved to /scratch/lustre/home/hpc_migab/lukas/Achromo/results/quast/basic_stats/P0890_PCD_31102022-0_GC_content_plot.pdf
  Drawing P0890_PCD_31102022-1 GC content plot...
    saved to /scratch/lustre/home/hpc_migab/lukas/Achromo/results/quast/basic_stats/P0890_PCD_31102022-1_GC_content_plot.pdf
  Drawing P1090_PCD_23092021-0 GC content plot...
    saved to /scratch/lustre/home/hpc_migab/lukas/Achromo/results/quast/basic_stats/P1090_PCD_23092021-0_GC_content_plot.pdf
  Drawing P1490_PCD_09122016-0 GC content plot...
    saved to /scratch/lustre/home/hpc_migab/lukas/Achromo/results/quast/basic_stats/P1490_PCD_09122016-0_GC_content_plot.pdf
  Drawing P1490_PCD_27082020-0 GC content plot...
    saved to /scratch/lustre/home/hpc_migab/lukas/Achromo/results/quast/basic_stats/P1490_PCD_27082020-0_GC_content_plot.pdf
  Drawing P1590_PCD_10012022-0 GC content plot...
    saved to /scratch/lustre/home/hpc_migab/lukas/Achromo/results/quast/basic_stats/P1590_PCD_10012022-0_GC_content_plot.pdf
  Drawing P1890_PCD_04102022-0 GC content plot...
    saved to /scratch/lustre/home/hpc_migab/lukas/Achromo/results/quast/basic_stats/P1890_PCD_04102022-0_GC_content_plot.pdf
  Drawing P1890_PCD_22022022-0 GC content plot...
    saved to /scratch/lustre/home/hpc_migab/lukas/Achromo/results/quast/basic_stats/P1890_PCD_22022022-0_GC_content_plot.pdf
  Drawing P1990_PCD_15032024-0 GC content plot...
    saved to /scratch/lustre/home/hpc_migab/lukas/Achromo/results/quast/basic_stats/P1990_PCD_15032024-0_GC_content_plot.pdf
  Drawing P1990_PCD_24032022-0 GC content plot...
    saved to /scratch/lustre/home/hpc_migab/lukas/Achromo/results/quast/basic_stats/P1990_PCD_24032022-0_GC_content_plot.pdf
  Drawing P1990_PCD_28042023-0 GC content plot...
    saved to /scratch/lustre/home/hpc_migab/lukas/Achromo/results/quast/basic_stats/P1990_PCD_28042023-0_GC_content_plot.pdf
  Drawing P2090_PCD_03082020-0 GC content plot...
    saved to /scratch/lustre/home/hpc_migab/lukas/Achromo/results/quast/basic_stats/P2090_PCD_03082020-0_GC_content_plot.pdf
  Drawing P2090_PCD_15032023-0 GC content plot...
    saved to /scratch/lustre/home/hpc_migab/lukas/Achromo/results/quast/basic_stats/P2090_PCD_15032023-0_GC_content_plot.pdf
  Drawing P2090_PCD_17012024-0 GC content plot...
    saved to /scratch/lustre/home/hpc_migab/lukas/Achromo/results/quast/basic_stats/P2090_PCD_17012024-0_GC_content_plot.pdf
  Drawing P2090_PCD_18012021-0 GC content plot...
    saved to /scratch/lustre/home/hpc_migab/lukas/Achromo/results/quast/basic_stats/P2090_PCD_18012021-0_GC_content_plot.pdf
  Drawing P2090_PCD_22032022-0 GC content plot...
    saved to /scratch/lustre/home/hpc_migab/lukas/Achromo/results/quast/basic_stats/P2090_PCD_22032022-0_GC_content_plot.pdf
  Drawing P2590_PCD_02022023-0 GC content plot...
    saved to /scratch/lustre/home/hpc_migab/lukas/Achromo/results/quast/basic_stats/P2590_PCD_02022023-0_GC_content_plot.pdf
  Drawing P2590_PCD_03072024-0 GC content plot...
    saved to /scratch/lustre/home/hpc_migab/lukas/Achromo/results/quast/basic_stats/P2590_PCD_03072024-0_GC_content_plot.pdf
  Drawing P2590_PCD_12072023-0 GC content plot...
    saved to /scratch/lustre/home/hpc_migab/lukas/Achromo/results/quast/basic_stats/P2590_PCD_12072023-0_GC_content_plot.pdf
  Drawing P2590_PCD_29102019-0 GC content plot...
    saved to /scratch/lustre/home/hpc_migab/lukas/Achromo/results/quast/basic_stats/P2590_PCD_29102019-0_GC_content_plot.pdf
  Drawing P2690_PCD_05112019-0 GC content plot...
    saved to /scratch/lustre/home/hpc_migab/lukas/Achromo/results/quast/basic_stats/P2690_PCD_05112019-0_GC_content_plot.pdf
  Drawing P2790_PCD_09062020-0 GC content plot...
    saved to /scratch/lustre/home/hpc_migab/lukas/Achromo/results/quast/basic_stats/P2790_PCD_09062020-0_GC_content_plot.pdf
  Drawing P2890_PCD_12062020-0 GC content plot...
    saved to /scratch/lustre/home/hpc_migab/lukas/Achromo/results/quast/basic_stats/P2890_PCD_12062020-0_GC_content_plot.pdf
  Drawing P2990_PCD_14072020-0 GC content plot...
    saved to /scratch/lustre/home/hpc_migab/lukas/Achromo/results/quast/basic_stats/P2990_PCD_14072020-0_GC_content_plot.pdf
  Drawing P2990_PCD_20012023-0 GC content plot...
    saved to /scratch/lustre/home/hpc_migab/lukas/Achromo/results/quast/basic_stats/P2990_PCD_20012023-0_GC_content_plot.pdf
  Drawing P3090_PCD_20072020-0 GC content plot...
    saved to /scratch/lustre/home/hpc_migab/lukas/Achromo/results/quast/basic_stats/P3090_PCD_20072020-0_GC_content_plot.pdf
  Drawing P3390_PCD_08032024-0 GC content plot...
    saved to /scratch/lustre/home/hpc_migab/lukas/Achromo/results/quast/basic_stats/P3390_PCD_08032024-0_GC_content_plot.pdf
  Drawing P3390_PCD_19082024-0 GC content plot...
    saved to /scratch/lustre/home/hpc_migab/lukas/Achromo/results/quast/basic_stats/P3390_PCD_19082024-0_GC_content_plot.pdf
  Drawing P3390_PCD_30092020-0 GC content plot...
    saved to /scratch/lustre/home/hpc_migab/lukas/Achromo/results/quast/basic_stats/P3390_PCD_30092020-0_GC_content_plot.pdf
  Drawing P3490_PCD_21022022-0 GC content plot...
    saved to /scratch/lustre/home/hpc_migab/lukas/Achromo/results/quast/basic_stats/P3490_PCD_21022022-0_GC_content_plot.pdf
  Drawing P3590_PCD_20052022-0 GC content plot...
    saved to /scratch/lustre/home/hpc_migab/lukas/Achromo/results/quast/basic_stats/P3590_PCD_20052022-0_GC_content_plot.pdf
  Drawing P3890_PCD_24082022-0 GC content plot...
    saved to /scratch/lustre/home/hpc_migab/lukas/Achromo/results/quast/basic_stats/P3890_PCD_24082022-0_GC_content_plot.pdf
  Drawing P4290_PCD_08032024-0 GC content plot...
    saved to /scratch/lustre/home/hpc_migab/lukas/Achromo/results/quast/basic_stats/P4290_PCD_08032024-0_GC_content_plot.pdf
  Drawing P4290_PCD_28112022-0 GC content plot...
    saved to /scratch/lustre/home/hpc_migab/lukas/Achromo/results/quast/basic_stats/P4290_PCD_28112022-0_GC_content_plot.pdf
  Drawing P5590_PCD_20032024-0 GC content plot...
    saved to /scratch/lustre/home/hpc_migab/lukas/Achromo/results/quast/basic_stats/P5590_PCD_20032024-0_GC_content_plot.pdf
  Drawing P5590_PCD_26072024-0 GC content plot...
    saved to /scratch/lustre/home/hpc_migab/lukas/Achromo/results/quast/basic_stats/P5590_PCD_26072024-0_GC_content_plot.pdf
  Drawing P5690_PCD_11062024-0 GC content plot...
    saved to /scratch/lustre/home/hpc_migab/lukas/Achromo/results/quast/basic_stats/P5690_PCD_11062024-0_GC_content_plot.pdf
  Drawing P5890_PCD_24062024-0 GC content plot...
    saved to /scratch/lustre/home/hpc_migab/lukas/Achromo/results/quast/basic_stats/P5890_PCD_24062024-0_GC_content_plot.pdf
Done.

NOTICE: Genes are not predicted by default. Use --gene-finding or --glimmer option to enable it.

2026-02-14 23:23:01
Creating large visual summaries...
This may take a while: press Ctrl-C to skip this step..
  1 of 2: Creating PDF with all tables and plots...
  2 of 2: Creating Icarus viewers...
Done

2026-02-14 23:23:12
RESULTS:
  Text versions of total report are saved to /scratch/lustre/home/hpc_migab/lukas/Achromo/results/quast/report.txt, report.tsv, and report.tex
  Text versions of transposed total report are saved to /scratch/lustre/home/hpc_migab/lukas/Achromo/results/quast/transposed_report.txt, transposed_report.tsv, and transposed_report.tex
  HTML version (interactive tables and plots) is saved to /scratch/lustre/home/hpc_migab/lukas/Achromo/results/quast/report.html
  PDF version (tables and plots) is saved to /scratch/lustre/home/hpc_migab/lukas/Achromo/results/quast/report.pdf
  Icarus (contig browser) is saved to /scratch/lustre/home/hpc_migab/lukas/Achromo/results/quast/icarus.html
  Log is saved to /scratch/lustre/home/hpc_migab/lukas/Achromo/results/quast/quast.log

Finished: 2026-02-14 23:23:13
Elapsed time: 0:00:38.810042
NOTICEs: 2; WARNINGs: 0; non-fatal ERRORs: 0

Thank you for using QUAST!
